<?xml version="1.0" encoding="UTF-8"?>
<!-- Generated by org.testng.reporters.JUnitXMLReporter -->
<testsuite hostname="ATMECSINLT-044" ignored="0" name="PhpTest" tests="5" failures="0" timestamp="13 Sep 2019 10:11:25 GMT" time="98.651" errors="0">
  <testcase name="signUp" time="9.864" classname="com.atmecs.phptravels.tests.PhpTravels_signUp"/>
  <testcase name="signUp" time="9.686" classname="com.atmecs.phptravels.tests.PhpTravels_signUp"/>
  <testcase name="signUp" time="9.619" classname="com.atmecs.phptravels.tests.PhpTravels_signUp"/>
  <testcase name="signUp" time="10.068" classname="com.atmecs.phptravels.tests.PhpTravels_signUp"/>
  <testcase name="signUp" time="9.999" classname="com.atmecs.phptravels.tests.PhpTravels_signUp"/>
</testsuite> <!-- PhpTest -->
