<?xml version="1.0" encoding="UTF-8"?>
<testng-results skipped="0" failed="0" ignored="0" total="5" passed="5">
  <reporter-output>
  </reporter-output>
  <suite name="Default suite" duration-ms="81759" started-at="2019-09-13T16:50:30Z" finished-at="2019-09-13T16:51:52Z">
    <groups>
    </groups>
    <test name="Default test" duration-ms="81759" started-at="2019-09-13T16:50:30Z" finished-at="2019-09-13T16:51:52Z">
      <class name="com.atmecs.phptravels.tests.PhpTravels_signUp">
        <test-method status="PASS" signature="initializeBrowser()[pri:0, instance:com.atmecs.phptravels.tests.PhpTravels_signUp@67784306]" name="initializeBrowser" is-config="true" duration-ms="11146" started-at="2019-09-13T16:50:31Z" finished-at="2019-09-13T16:50:42Z">
          <reporter-output>
          </reporter-output>
        </test-method> <!-- initializeBrowser -->
        <test-method status="PASS" signature="signUp(java.lang.String, java.lang.String, java.lang.String, java.lang.String, java.lang.String, java.lang.String)[pri:0, instance:com.atmecs.phptravels.tests.PhpTravels_signUp@67784306]" name="signUp" duration-ms="6204" started-at="2019-09-13T16:50:42Z" data-provider="testdata" finished-at="2019-09-13T16:50:48Z">
          <params>
            <param index="0">
              <value>
                <![CDATA[siva]]>
              </value>
            </param>
            <param index="1">
              <value>
                <![CDATA[mutyala]]>
              </value>
            </param>
            <param index="2">
              <value>
                <![CDATA[9989233795]]>
              </value>
            </param>
            <param index="3">
              <value>
                <![CDATA[msiva
@gmail.com]]>
              </value>
            </param>
            <param index="4">
              <value>
                <![CDATA[siva123]]>
              </value>
            </param>
            <param index="5">
              <value>
                <![CDATA[siva123]]>
              </value>
            </param>
          </params>
          <reporter-output>
          </reporter-output>
        </test-method> <!-- signUp -->
        <test-method status="PASS" signature="initializeBrowser()[pri:0, instance:com.atmecs.phptravels.tests.PhpTravels_signUp@67784306]" name="initializeBrowser" is-config="true" duration-ms="8940" started-at="2019-09-13T16:50:48Z" finished-at="2019-09-13T16:50:57Z">
          <reporter-output>
          </reporter-output>
        </test-method> <!-- initializeBrowser -->
        <test-method status="PASS" signature="signUp(java.lang.String, java.lang.String, java.lang.String, java.lang.String, java.lang.String, java.lang.String)[pri:0, instance:com.atmecs.phptravels.tests.PhpTravels_signUp@67784306]" name="signUp" duration-ms="6222" started-at="2019-09-13T16:50:57Z" data-provider="testdata" finished-at="2019-09-13T16:51:04Z">
          <params>
            <param index="0">
              <value>
                <![CDATA[suresh]]>
              </value>
            </param>
            <param index="1">
              <value>
                <![CDATA[mutyala]]>
              </value>
            </param>
            <param index="2">
              <value>
                <![CDATA[8099988910]]>
              </value>
            </param>
            <param index="3">
              <value>
                <![CDATA[msuresh
@gmail.com]]>
              </value>
            </param>
            <param index="4">
              <value>
                <![CDATA[suresh123]]>
              </value>
            </param>
            <param index="5">
              <value>
                <![CDATA[suresh123]]>
              </value>
            </param>
          </params>
          <reporter-output>
          </reporter-output>
        </test-method> <!-- signUp -->
        <test-method status="PASS" signature="initializeBrowser()[pri:0, instance:com.atmecs.phptravels.tests.PhpTravels_signUp@67784306]" name="initializeBrowser" is-config="true" duration-ms="9684" started-at="2019-09-13T16:51:04Z" finished-at="2019-09-13T16:51:13Z">
          <reporter-output>
          </reporter-output>
        </test-method> <!-- initializeBrowser -->
        <test-method status="PASS" signature="signUp(java.lang.String, java.lang.String, java.lang.String, java.lang.String, java.lang.String, java.lang.String)[pri:0, instance:com.atmecs.phptravels.tests.PhpTravels_signUp@67784306]" name="signUp" duration-ms="5790" started-at="2019-09-13T16:51:13Z" data-provider="testdata" finished-at="2019-09-13T16:51:19Z">
          <params>
            <param index="0">
              <value>
                <![CDATA[sampath]]>
              </value>
            </param>
            <param index="1">
              <value>
                <![CDATA[nallamilli]]>
              </value>
            </param>
            <param index="2">
              <value>
                <![CDATA[8985239999]]>
              </value>
            </param>
            <param index="3">
              <value>
                <![CDATA[nsampath
@gmail.com]]>
              </value>
            </param>
            <param index="4">
              <value>
                <![CDATA[sampath123]]>
              </value>
            </param>
            <param index="5">
              <value>
                <![CDATA[sampath123]]>
              </value>
            </param>
          </params>
          <reporter-output>
          </reporter-output>
        </test-method> <!-- signUp -->
        <test-method status="PASS" signature="initializeBrowser()[pri:0, instance:com.atmecs.phptravels.tests.PhpTravels_signUp@67784306]" name="initializeBrowser" is-config="true" duration-ms="9751" started-at="2019-09-13T16:51:19Z" finished-at="2019-09-13T16:51:29Z">
          <reporter-output>
          </reporter-output>
        </test-method> <!-- initializeBrowser -->
        <test-method status="PASS" signature="signUp(java.lang.String, java.lang.String, java.lang.String, java.lang.String, java.lang.String, java.lang.String)[pri:0, instance:com.atmecs.phptravels.tests.PhpTravels_signUp@67784306]" name="signUp" duration-ms="6340" started-at="2019-09-13T16:51:29Z" data-provider="testdata" finished-at="2019-09-13T16:51:35Z">
          <params>
            <param index="0">
              <value>
                <![CDATA[anvesh]]>
              </value>
            </param>
            <param index="1">
              <value>
                <![CDATA[chinthapalli]]>
              </value>
            </param>
            <param index="2">
              <value>
                <![CDATA[9502409445]]>
              </value>
            </param>
            <param index="3">
              <value>
                <![CDATA[anvesh
@gmail.com]]>
              </value>
            </param>
            <param index="4">
              <value>
                <![CDATA[anvesh123]]>
              </value>
            </param>
            <param index="5">
              <value>
                <![CDATA[anvesh123]]>
              </value>
            </param>
          </params>
          <reporter-output>
          </reporter-output>
        </test-method> <!-- signUp -->
        <test-method status="PASS" signature="initializeBrowser()[pri:0, instance:com.atmecs.phptravels.tests.PhpTravels_signUp@67784306]" name="initializeBrowser" is-config="true" duration-ms="10559" started-at="2019-09-13T16:51:35Z" finished-at="2019-09-13T16:51:46Z">
          <reporter-output>
          </reporter-output>
        </test-method> <!-- initializeBrowser -->
        <test-method status="PASS" signature="signUp(java.lang.String, java.lang.String, java.lang.String, java.lang.String, java.lang.String, java.lang.String)[pri:0, instance:com.atmecs.phptravels.tests.PhpTravels_signUp@67784306]" name="signUp" duration-ms="6339" started-at="2019-09-13T16:51:46Z" data-provider="testdata" finished-at="2019-09-13T16:51:52Z">
          <params>
            <param index="0">
              <value>
                <![CDATA[syam]]>
              </value>
            </param>
            <param index="1">
              <value>
                <![CDATA[nallamati]]>
              </value>
            </param>
            <param index="2">
              <value>
                <![CDATA[9885707999]]>
              </value>
            </param>
            <param index="3">
              <value>
                <![CDATA[syam
@gmail.com]]>
              </value>
            </param>
            <param index="4">
              <value>
                <![CDATA[syam123]]>
              </value>
            </param>
            <param index="5">
              <value>
                <![CDATA[syam123]]>
              </value>
            </param>
          </params>
          <reporter-output>
          </reporter-output>
        </test-method> <!-- signUp -->
      </class> <!-- com.atmecs.phptravels.tests.PhpTravels_signUp -->
    </test> <!-- Default test -->
  </suite> <!-- Default suite -->
</testng-results>
